

Microchip MPLAB XC8 Assembler V2.46 build 20240104201356 
                                                                                               Tue Jun 11 16:25:21 2024

Microchip MPLAB XC8 C Compiler v2.46 (Free license) build 20240104201356 Og1 
     1                           	processor	16F877A
     2                           	pagewidth 120
     3                           	opt	flic
     4                           	psect	cinit,global,class=CODE,merge=1,delta=2
     5                           	psect	cstackCOMMON,global,class=COMMON,space=1,delta=1,noexec
     6                           	psect	maintext,global,class=CODE,split=1,delta=2
     7                           	psect	text1,local,class=CODE,merge=1,delta=2
     8                           	psect	intentry,global,class=CODE,delta=2
     9                           	psect	config,global,abs,ovrld,class=CONFIG,space=4,delta=2,noexec
    10                           	dabs	1,0x7E,2
    11     0000                     
    12                           ; Generated 12/10/2023 GMT
    13                           ; 
    14                           ; Copyright © 2023, Microchip Technology Inc. and its subsidiaries ("Microchip")
    15                           ; All rights reserved.
    16                           ; 
    17                           ; This software is developed by Microchip Technology Inc. and its subsidiaries ("Microch
      +                          ip").
    18                           ; 
    19                           ; Redistribution and use in source and binary forms, with or without modification, are
    20                           ; permitted provided that the following conditions are met:
    21                           ; 
    22                           ;     1. Redistributions of source code must retain the above copyright notice, this lis
      +                          t of
    23                           ;        conditions and the following disclaimer.
    24                           ; 
    25                           ;     2. Redistributions in binary form must reproduce the above copyright notice, this 
      +                          list
    26                           ;        of conditions and the following disclaimer in the documentation and/or other
    27                           ;        materials provided with the distribution. Publication is not required when
    28                           ;        this file is used in an embedded application.
    29                           ; 
    30                           ;     3. Microchip's name may not be used to endorse or promote products derived from th
      +                          is
    31                           ;        software without specific prior written permission.
    32                           ; 
    33                           ; THIS SOFTWARE IS PROVIDED BY MICROCHIP "AS IS" AND ANY EXPRESS OR IMPLIED WARRANTIES,
    34                           ; INCLUDING, BUT NOT LIMITED TO, THE IMPLIED WARRANTIES OF MERCHANTABILITY AND FITNESS F
      +                          OR
    35                           ; PURPOSE ARE DISCLAIMED.  IN NO EVENT SHALL MICROCHIP BE LIABLE FOR ANY DIRECT, INDIREC
      +                          T,
    36                           ; INCIDENTAL, SPECIAL, EXEMPLARY, OR CONSEQUENTIAL DAMAGES (INCLUDING BUT NOT LIMITED TO
    37                           ; PROCUREMENT OF SUBSTITUTE GOODS OR SERVICES; LOSS OF USE, DATA OR PROFITS; OR BUSINESS
    38                           ; INTERRUPTION) HOWSOEVER CAUSED AND ON ANY THEORY OF LIABILITY, WHETHER IN CONTRACT, ST
      +                          RICT
    39                           ; LIABILITY, OR TORT (INCLUDING NEGLIGENCE OR OTHERWISE) ARISING IN ANY WAY OUT OF THE U
      +                          SE OF
    40                           ; THIS SOFTWARE, EVEN IF ADVISED OF THE POSSIBILITY OF SUCH DAMAGE.
    41                           ; 
    42                           ; 
    43                           ; Code-generator required, PIC16F877A Definitions
    44                           ; 
    45                           ; SFR Addresses
    46     0000                     	;# 
    47     0001                     	;# 
    48     0002                     	;# 
    49     0003                     	;# 
    50     0004                     	;# 
    51     0005                     	;# 
    52     0006                     	;# 
    53     0007                     	;# 
    54     0008                     	;# 
    55     0009                     	;# 
    56     000A                     	;# 
    57     000B                     	;# 
    58     000C                     	;# 
    59     000D                     	;# 
    60     000E                     	;# 
    61     000E                     	;# 
    62     000F                     	;# 
    63     0010                     	;# 
    64     0011                     	;# 
    65     0012                     	;# 
    66     0013                     	;# 
    67     0014                     	;# 
    68     0015                     	;# 
    69     0015                     	;# 
    70     0016                     	;# 
    71     0017                     	;# 
    72     0018                     	;# 
    73     0019                     	;# 
    74     001A                     	;# 
    75     001B                     	;# 
    76     001B                     	;# 
    77     001C                     	;# 
    78     001D                     	;# 
    79     001E                     	;# 
    80     001F                     	;# 
    81     0081                     	;# 
    82     0085                     	;# 
    83     0086                     	;# 
    84     0087                     	;# 
    85     0088                     	;# 
    86     0089                     	;# 
    87     008C                     	;# 
    88     008D                     	;# 
    89     008E                     	;# 
    90     0091                     	;# 
    91     0092                     	;# 
    92     0093                     	;# 
    93     0094                     	;# 
    94     0098                     	;# 
    95     0099                     	;# 
    96     009C                     	;# 
    97     009D                     	;# 
    98     009E                     	;# 
    99     009F                     	;# 
   100     010C                     	;# 
   101     010D                     	;# 
   102     010E                     	;# 
   103     010F                     	;# 
   104     018C                     	;# 
   105     018D                     	;# 
   106     0000                     	;# 
   107     0001                     	;# 
   108     0002                     	;# 
   109     0003                     	;# 
   110     0004                     	;# 
   111     0005                     	;# 
   112     0006                     	;# 
   113     0007                     	;# 
   114     0008                     	;# 
   115     0009                     	;# 
   116     000A                     	;# 
   117     000B                     	;# 
   118     000C                     	;# 
   119     000D                     	;# 
   120     000E                     	;# 
   121     000E                     	;# 
   122     000F                     	;# 
   123     0010                     	;# 
   124     0011                     	;# 
   125     0012                     	;# 
   126     0013                     	;# 
   127     0014                     	;# 
   128     0015                     	;# 
   129     0015                     	;# 
   130     0016                     	;# 
   131     0017                     	;# 
   132     0018                     	;# 
   133     0019                     	;# 
   134     001A                     	;# 
   135     001B                     	;# 
   136     001B                     	;# 
   137     001C                     	;# 
   138     001D                     	;# 
   139     001E                     	;# 
   140     001F                     	;# 
   141     0081                     	;# 
   142     0085                     	;# 
   143     0086                     	;# 
   144     0087                     	;# 
   145     0088                     	;# 
   146     0089                     	;# 
   147     008C                     	;# 
   148     008D                     	;# 
   149     008E                     	;# 
   150     0091                     	;# 
   151     0092                     	;# 
   152     0093                     	;# 
   153     0094                     	;# 
   154     0098                     	;# 
   155     0099                     	;# 
   156     009C                     	;# 
   157     009D                     	;# 
   158     009E                     	;# 
   159     009F                     	;# 
   160     010C                     	;# 
   161     010D                     	;# 
   162     010E                     	;# 
   163     010F                     	;# 
   164     018C                     	;# 
   165     018D                     	;# 
   166     006C                     _EEIF	set	108
   167     0066                     _ADIF	set	102
   168     005F                     _GIE	set	95
   169     005E                     _PEIE	set	94
   170     0034                     _RB4	set	52
   171     0462                     _CCP1IE	set	1122
   172     0434                     _TRISB4	set	1076
   173                           
   174                           	psect	cinit
   175     000F                     start_initialization:	
   176                           ; #config settings
   177                           
   178     000F                     __initialization:
   179     000F                     end_of_initialization:	
   180                           ;End of C runtime variable initialization code
   181                           
   182     000F                     __end_of__initialization:
   183     000F  0183               	clrf	3
   184     0010  120A  118A  2813   	ljmp	_main	;jump to C main() function
   185                           
   186                           	psect	cstackCOMMON
   187     0070                     __pcstackCOMMON:
   188     0070                     ?_main:
   189     0070                     ?_ISR:	
   190                           ; 1 bytes @ 0x0
   191                           
   192     0070                     ??_ISR:	
   193                           ; 1 bytes @ 0x0
   194                           
   195                           
   196                           ; 1 bytes @ 0x0
   197     0070                     	ds	2
   198     0072                     ??_main:
   199                           
   200                           	psect	maintext
   201     0013                     __pmaintext:	
   202                           ; 1 bytes @ 0x2
   203 ;;
   204 ;;Main: autosize = 0, tempsize = 0, incstack = 0, save=0
   205 ;;
   206 ;; *************** function _main *****************
   207 ;; Defined at:
   208 ;;		line 12 in file "main.c"
   209 ;; Parameters:    Size  Location     Type
   210 ;;		None
   211 ;; Auto vars:     Size  Location     Type
   212 ;;		None
   213 ;; Return value:  Size  Location     Type
   214 ;;                  1    wreg      void 
   215 ;; Registers used:
   216 ;;		None
   217 ;; Tracked objects:
   218 ;;		On entry : B00/0
   219 ;;		On exit  : 0/0
   220 ;;		Unchanged: 0/0
   221 ;; Data sizes:     COMMON   BANK0   BANK1   BANK3   BANK2
   222 ;;      Params:         0       0       0       0       0
   223 ;;      Locals:         0       0       0       0       0
   224 ;;      Temps:          0       0       0       0       0
   225 ;;      Totals:         0       0       0       0       0
   226 ;;Total ram usage:        0 bytes
   227 ;; Hardware stack levels required when called: 1
   228 ;; This function calls:
   229 ;;		Nothing
   230 ;; This function is called by:
   231 ;;		Startup code after reset
   232 ;; This function uses a non-reentrant model
   233 ;;
   234                           
   235     0013                     _main:	
   236                           ;psect for function _main
   237                           
   238     0013                     l570:	
   239                           ;incstack = 0
   240                           ; Regs used in _main: []
   241                           
   242                           
   243                           ;main.c: 14:     RB4 = 0;
   244     0013  1283               	bcf	3,5	;RP0=0, select bank0
   245     0014  1303               	bcf	3,6	;RP1=0, select bank0
   246     0015  1206               	bcf	6,4	;volatile
   247                           
   248                           ;main.c: 15:     TRISB4 = 0;
   249     0016  1683               	bsf	3,5	;RP0=1, select bank1
   250     0017  1303               	bcf	3,6	;RP1=0, select bank1
   251     0018  1206               	bcf	6,4	;volatile
   252                           
   253                           ;main.c: 17:     CCP1IE = 1;
   254     0019  150C               	bsf	12,2	;volatile
   255                           
   256                           ;main.c: 18:     PEIE = 1;
   257     001A  170B               	bsf	11,6	;volatile
   258                           
   259                           ;main.c: 19:     GIE = 1;
   260     001B  178B               	bsf	11,7	;volatile
   261     001C                     l19:	
   262                           ;main.c: 21:     return;
   263                           
   264     001C  120A  118A  280C   	ljmp	start
   265     001F                     __end_of_main:
   266                           
   267                           	psect	text1
   268     001F                     __ptext1:	
   269 ;; *************** function _ISR *****************
   270 ;; Defined at:
   271 ;;		line 25 in file "main.c"
   272 ;; Parameters:    Size  Location     Type
   273 ;;		None
   274 ;; Auto vars:     Size  Location     Type
   275 ;;		None
   276 ;; Return value:  Size  Location     Type
   277 ;;                  1    wreg      void 
   278 ;; Registers used:
   279 ;;		None
   280 ;; Tracked objects:
   281 ;;		On entry : 0/0
   282 ;;		On exit  : 0/0
   283 ;;		Unchanged: 0/0
   284 ;; Data sizes:     COMMON   BANK0   BANK1   BANK3   BANK2
   285 ;;      Params:         0       0       0       0       0
   286 ;;      Locals:         0       0       0       0       0
   287 ;;      Temps:          2       0       0       0       0
   288 ;;      Totals:         2       0       0       0       0
   289 ;;Total ram usage:        2 bytes
   290 ;; Hardware stack levels used: 1
   291 ;; This function calls:
   292 ;;		Nothing
   293 ;; This function is called by:
   294 ;;		Interrupt level 1
   295 ;; This function uses a non-reentrant model
   296 ;;
   297                           
   298     001F                     _ISR:	
   299                           ;psect for function _ISR
   300                           
   301     001F                     i1l572:
   302     001F                     i1l24:	
   303                           ;main.c: 28:     if(ADIF == 1){
   304                           ;main.c: 30:     }
   305                           
   306     001F                     i1l26:	
   307                           ;main.c: 32:     if(EEIF == 1){
   308                           
   309     001F  0871               	movf	??_ISR+1,w
   310     0020  008A               	movwf	10
   311     0021  0E70               	swapf	??_ISR,w
   312     0022  0083               	movwf	3
   313     0023  0EFE               	swapf	btemp,f
   314     0024  0E7E               	swapf	btemp,w
   315     0025  0009               	retfie
   316     0026                     __end_of_ISR:
   317     007E                     btemp	set	126	;btemp
   318     007E                     wtemp0	set	126
   319                           
   320                           	psect	intentry
   321     0004                     __pintentry:	
   322                           ;incstack = 0
   323                           ; Regs used in _ISR: []
   324                           
   325     0004                     interrupt_function:
   326     007E                     saved_w	set	btemp
   327     0004  00FE               	movwf	btemp
   328     0005  0E03               	swapf	3,w
   329     0006  00F0               	movwf	??_ISR
   330     0007  080A               	movf	10,w
   331     0008  00F1               	movwf	??_ISR+1
   332     0009  120A  118A  281F   	ljmp	_ISR
   333                           
   334                           	psect	config
   335                           
   336                           ;Config register CONFIG @ 0x2007
   337                           ;	Oscillator Selection bits
   338                           ;	FOSC = HS, HS oscillator
   339                           ;	Watchdog Timer Enable bit
   340                           ;	WDTE = OFF, WDT disabled
   341                           ;	Power-up Timer Enable bit
   342                           ;	PWRTE = OFF, PWRT disabled
   343                           ;	Brown-out Reset Enable bit
   344                           ;	BOREN = ON, BOR enabled
   345                           ;	Low-Voltage (Single-Supply) In-Circuit Serial Programming Enable bit
   346                           ;	LVP = ON, RB3/PGM pin has PGM function; low-voltage programming enabled
   347                           ;	Data EEPROM Memory Code Protection bit
   348                           ;	CPD = OFF, Data EEPROM code protection off
   349                           ;	Flash Program Memory Write Enable bits
   350                           ;	WRT = OFF, Write protection off; all program memory may be written to by EECON control
   351                           ;	In-Circuit Debugger Mode bit
   352                           ;	DEBUG = 0x1, unprogrammed default
   353                           ;	Flash Program Memory Code Protection bit
   354                           ;	CP = OFF, Code protection off
   355     2007                     	org	8199
   356     2007  3FFA               	dw	16378

Data Sizes:
    Strings     0
    Constant    0
    Data        0
    BSS         0
    Persistent  0
    Stack       0

Auto Spaces:
    Space          Size  Autos    Used
    COMMON           14      2       2
    BANK0            80      0       0
    BANK1            80      0       0
    BANK3            96      0       0
    BANK2            96      0       0

Pointer List with Targets:

    None.

Critical Paths under _main in COMMON

    None.

Critical Paths under _ISR in COMMON

    None.

Critical Paths under _main in BANK0

    None.

Critical Paths under _ISR in BANK0

    None.

Critical Paths under _main in BANK1

    None.

Critical Paths under _ISR in BANK1

    None.

Critical Paths under _main in BANK3

    None.

Critical Paths under _ISR in BANK3

    None.

Critical Paths under _main in BANK2

    None.

Critical Paths under _ISR in BANK2

    None.

Call Graph Tables:

 ---------------------------------------------------------------------------------
 (Depth) Function   	        Calls       Base Space   Used Autos Params    Refs
 ---------------------------------------------------------------------------------
 (0) _main                                                 0     0      0       0
 ---------------------------------------------------------------------------------
 Estimated maximum stack depth 0
 ---------------------------------------------------------------------------------
 (Depth) Function   	        Calls       Base Space   Used Autos Params    Refs
 ---------------------------------------------------------------------------------
 (1) _ISR                                                  2     2      0       0
                                              0 COMMON     2     2      0
 ---------------------------------------------------------------------------------
 Estimated maximum stack depth 1
 ---------------------------------------------------------------------------------

 Call Graph Graphs:

 _main (ROOT)

 _ISR (ROOT)

 Address spaces:
Name               Size   Autos  Total    Cost      Usage
BITCOMMON            E      0       0       0        0.0%
EEDATA             100      0       0       0        0.0%
NULL                 0      0       0       0        0.0%
CODE                 0      0       0       0        0.0%
COMMON               E      2       2       1       14.3%
BITSFR0              0      0       0       1        0.0%
SFR0                 0      0       0       1        0.0%
BITSFR1              0      0       0       2        0.0%
SFR1                 0      0       0       2        0.0%
STACK                0      0       0       2        0.0%
ABS                  0      0       0       3        0.0%
BITBANK0            50      0       0       4        0.0%
BITSFR3              0      0       0       4        0.0%
SFR3                 0      0       0       4        0.0%
BANK0               50      0       0       5        0.0%
BITSFR2              0      0       0       5        0.0%
SFR2                 0      0       0       5        0.0%
BITBANK1            50      0       0       6        0.0%
BANK1               50      0       0       7        0.0%
BITBANK3            60      0       0       8        0.0%
BANK3               60      0       0       9        0.0%
BITBANK2            60      0       0      10        0.0%
BANK2               60      0       0      11        0.0%
DATA                 0      0       0      12        0.0%


Microchip Technology PIC Macro Assembler V2.46 build 20240104201356 
Symbol Table                                                                                   Tue Jun 11 16:25:21 2024

                     l19 001C                      l570 0013                      _GIE 005F  
                    _RB4 0034                      _ISR 001F                     ?_ISR 0070  
                   _ADIF 0066                     _EEIF 006C                     _PEIE 005E  
                   i1l24 001F                     i1l26 001F                     _main 0013  
                   btemp 007E                     start 000C                    ??_ISR 0070  
                  ?_main 0070                    i1l572 001F                    pclath 000A  
                  status 0003                    wtemp0 007E          __initialization 000F  
           __end_of_main 001F                   ??_main 0072                   _CCP1IE 0462  
                 _TRISB4 0434                   saved_w 007E  __end_of__initialization 000F  
         __pcstackCOMMON 0070               __pmaintext 0013               __pintentry 0004  
                __ptext1 001F     end_of_initialization 000F      start_initialization 000F  
            __end_of_ISR 0026                ___latbits 0002        interrupt_function 0004  
               intlevel1 0000  
